<?xml version="1.0" encoding="UTF-8"?>
<!-- Generated by org.testng.reporters.JUnitXMLReporter -->
<testsuite ignored="0" hostname="LAPTOP-KMIN0PLR" failures="0" tests="8" name="Default test" time="0.099" errors="0" timestamp="2023-05-02T10:31:03 IST">
  <testcase classname="test.task1" name="add" time="0.008"/>
  <testcase classname="test.task1" name="add" time="0.002"/>
  <testcase classname="test.task1" name="div" time="0.002"/>
  <testcase classname="test.task1" name="div" time="0.001"/>
  <testcase classname="test.task1" name="mul" time="0.002"/>
  <testcase classname="test.task1" name="mul" time="0.001"/>
  <testcase classname="test.task1" name="sub" time="0.002"/>
  <testcase classname="test.task1" name="sub" time="0.001"/>
</testsuite> <!-- Default test -->
