<?xml version="1.0" encoding="UTF-8"?>
<testng-results ignored="0" total="1" passed="1" failed="0" skipped="0">
  <reporter-output>
  </reporter-output>
  <suite started-at="2023-05-02T11:22:08 IST" name="Suite" finished-at="2023-05-02T11:22:20 IST" duration-ms="12662">
    <groups>
    </groups>
    <test started-at="2023-05-02T11:22:08 IST" name="Test" finished-at="2023-05-02T11:22:20 IST" duration-ms="12662">
      <class name="test.task2">
        <test-method signature="Task1()[pri:0, instance:test.task2@d9345cd]" started-at="2023-05-02T11:22:08 IST" name="Task1" finished-at="2023-05-02T11:22:20 IST" duration-ms="12612" status="PASS">
          <reporter-output>
          </reporter-output>
        </test-method> <!-- Task1 -->
      </class> <!-- test.task2 -->
    </test> <!-- Test -->
  </suite> <!-- Suite -->
</testng-results>
